Start testing: Mar 21 13:29 CET
----------------------------------------------------------
1/3 Testing: filemodel_test
1/3 Test: filemodel_test
Command: "/var/home/esox/dev/cpp/elcmd/build/test_filemodel"
Directory: /var/home/esox/dev/cpp/elcmd/build
"filemodel_test" start time: Mar 21 13:29 CET
Output:
----------------------------------------------------------
********* Start testing of TestFileModel *********
Config: Using QtTest library 6.10.2, Qt 6.10.2 (x86_64-little_endian-lp64 shared (dynamic) release build; by GCC 15.2.1 20260123 (Red Hat 15.2.1-7)), bazzite 43
PASS   : TestFileModel::initTestCase()
PASS   : TestFileModel::test_folderFirstSorting()
PASS   : TestFileModel::cleanupTestCase()
Totals: 3 passed, 0 failed, 0 skipped, 0 blacklisted, 1ms
********* Finished testing of TestFileModel *********
<end of output>
Test time =   0.00 sec
----------------------------------------------------------
Test Passed.
"filemodel_test" end time: Mar 21 13:29 CET
"filemodel_test" time elapsed: 00:00:00
----------------------------------------------------------

2/3 Testing: fileservice_test
2/3 Test: fileservice_test
Command: "/var/home/esox/dev/cpp/elcmd/build/test_fileservice"
Directory: /var/home/esox/dev/cpp/elcmd/build
"fileservice_test" start time: Mar 21 13:29 CET
Output:
----------------------------------------------------------
********* Start testing of TestFileService *********
Config: Using QtTest library 6.10.2, Qt 6.10.2 (x86_64-little_endian-lp64 shared (dynamic) release build; by GCC 15.2.1 20260123 (Red Hat 15.2.1-7)), bazzite 43
PASS   : TestFileService::initTestCase()
PASS   : TestFileService::test_copy()
PASS   : TestFileService::cleanupTestCase()
Totals: 3 passed, 0 failed, 0 skipped, 0 blacklisted, 1ms
********* Finished testing of TestFileService *********
<end of output>
Test time =   0.00 sec
----------------------------------------------------------
Test Passed.
"fileservice_test" end time: Mar 21 13:29 CET
"fileservice_test" time elapsed: 00:00:00
----------------------------------------------------------

3/3 Testing: paneops_test
3/3 Test: paneops_test
Command: "/var/home/esox/dev/cpp/elcmd/build/test_paneops"
Directory: /var/home/esox/dev/cpp/elcmd/build
"paneops_test" start time: Mar 21 13:29 CET
Output:
----------------------------------------------------------
********* Start testing of TestPaneOps *********
Config: Using QtTest library 6.10.2, Qt 6.10.2 (x86_64-little_endian-lp64 shared (dynamic) release build; by GCC 15.2.1 20260123 (Red Hat 15.2.1-7)), bazzite 43
PASS   : TestPaneOps::initTestCase()
PASS   : TestPaneOps::test_copy_and_move_and_delete()
PASS   : TestPaneOps::cleanupTestCase()
Totals: 3 passed, 0 failed, 0 skipped, 0 blacklisted, 0ms
********* Finished testing of TestPaneOps *********
<end of output>
Test time =   0.00 sec
----------------------------------------------------------
Test Passed.
"paneops_test" end time: Mar 21 13:29 CET
"paneops_test" time elapsed: 00:00:00
----------------------------------------------------------

End testing: Mar 21 13:29 CET
